DEBUG 24-06-27 10:24:13[http-nio-8080-exec-6] [FilterChainProxy:218] - Securing OPTIONS /mainPage
DEBUG 24-06-27 10:24:13[http-nio-8080-exec-1] [FilterChainProxy:218] - Securing GET /assets/images/logo_tr_m.png
DEBUG 24-06-27 10:24:13[http-nio-8080-exec-5] [FilterChainProxy:218] - Securing OPTIONS /mainPage
DEBUG 24-06-27 10:24:13[http-nio-8080-exec-5] [SecurityContextPersistenceFilter:104] - Set SecurityContextHolder to empty SecurityContext
DEBUG 24-06-27 10:24:13[http-nio-8080-exec-6] [SecurityContextPersistenceFilter:104] - Set SecurityContextHolder to empty SecurityContext
DEBUG 24-06-27 10:24:13[http-nio-8080-exec-1] [SecurityContextPersistenceFilter:104] - Set SecurityContextHolder to empty SecurityContext
DEBUG 24-06-27 10:24:13[http-nio-8080-exec-1] [EgovJwtTokenUtil:51] - ===>>> secret = egovframe
DEBUG 24-06-27 10:24:13[http-nio-8080-exec-1] [JwtAuthenticationFilter:64] - Unable to verify JWT Token: JWT String argument cannot be null or empty.
DEBUG 24-06-27 10:24:13[http-nio-8080-exec-1] [AnonymousAuthenticationFilter:100] - Set SecurityContextHolder to anonymous SecurityContext
DEBUG 24-06-27 10:24:13[http-nio-8080-exec-1] [SessionManagementFilter:116] - Request requested invalid session id 849570A79247AF7822AB6D4AE6600EC7
DEBUG 24-06-27 10:24:13[http-nio-8080-exec-5] [SecurityContextPersistenceFilter:120] - Cleared SecurityContextHolder to complete request
DEBUG 24-06-27 10:24:13[http-nio-8080-exec-6] [SecurityContextPersistenceFilter:120] - Cleared SecurityContextHolder to complete request
DEBUG 24-06-27 10:24:13[http-nio-8080-exec-10] [FilterChainProxy:218] - Securing GET /mainPage
DEBUG 24-06-27 10:24:13[http-nio-8080-exec-10] [SecurityContextPersistenceFilter:104] - Set SecurityContextHolder to empty SecurityContext
DEBUG 24-06-27 10:24:13[http-nio-8080-exec-10] [EgovJwtTokenUtil:51] - ===>>> secret = egovframe
DEBUG 24-06-27 10:24:13[http-nio-8080-exec-1] [ReloadableResourceBundleMessageSource:455] - No properties file found for [classpath:/egovframework/message/com/message-common_ko_KR] - neither plain properties nor XML
DEBUG 24-06-27 10:24:13[http-nio-8080-exec-1] [ReloadableResourceBundleMessageSource:425] - Re-caching properties for filename [classpath:/egovframework/message/com/message-common_ko] - file hasn't been modified
DEBUG 24-06-27 10:24:13[http-nio-8080-exec-1] [ReloadableResourceBundleMessageSource:425] - Re-caching properties for filename [classpath:/egovframework/message/com/message-common] - file hasn't been modified
DEBUG 24-06-27 10:24:13[http-nio-8080-exec-1] [ReloadableResourceBundleMessageSource:455] - No properties file found for [classpath:/org/egovframe/rte/fdl/idgnr/messages/idgnr_ko_KR] - neither plain properties nor XML
DEBUG 24-06-27 10:24:13[http-nio-8080-exec-1] [ReloadableResourceBundleMessageSource:425] - Re-caching properties for filename [classpath:/org/egovframe/rte/fdl/idgnr/messages/idgnr_ko] - file hasn't been modified
DEBUG 24-06-27 10:24:13[http-nio-8080-exec-1] [ReloadableResourceBundleMessageSource:425] - Re-caching properties for filename [classpath:/org/egovframe/rte/fdl/idgnr/messages/idgnr] - file hasn't been modified
DEBUG 24-06-27 10:24:13[http-nio-8080-exec-1] [ReloadableResourceBundleMessageSource:455] - No properties file found for [classpath:/org/egovframe/rte/fdl/property/messages/properties_ko_KR] - neither plain properties nor XML
DEBUG 24-06-27 10:24:13[http-nio-8080-exec-10] [JwtAuthenticationFilter:64] - Unable to verify JWT Token: JWT expired at 2024-06-26T13:34:28Z. Current time: 2024-06-27T10:24:13Z, a difference of 74985034 milliseconds.  Allowed clock skew: 0 milliseconds.
DEBUG 24-06-27 10:24:13[http-nio-8080-exec-10] [AnonymousAuthenticationFilter:100] - Set SecurityContextHolder to anonymous SecurityContext
DEBUG 24-06-27 10:24:13[http-nio-8080-exec-1] [ReloadableResourceBundleMessageSource:425] - Re-caching properties for filename [classpath:/org/egovframe/rte/fdl/property/messages/properties_ko] - file hasn't been modified
DEBUG 24-06-27 10:24:13[http-nio-8080-exec-10] [SessionManagementFilter:116] - Request requested invalid session id 849570A79247AF7822AB6D4AE6600EC7
DEBUG 24-06-27 10:24:13[http-nio-8080-exec-10] [FilterChainProxy:333] - Secured GET /mainPage
DEBUG 24-06-27 10:24:13[http-nio-8080-exec-1] [ReloadableResourceBundleMessageSource:425] - Re-caching properties for filename [classpath:/org/egovframe/rte/fdl/property/messages/properties] - file hasn't been modified
DEBUG 24-06-27 10:24:13[http-nio-8080-exec-10] [DispatcherServlet:120] - GET "/mainPage", parameters={}
DEBUG 24-06-27 10:24:13[http-nio-8080-exec-10] [RequestMappingHandlerMapping:522] - Mapped to egovframework.let.main.web.EgovMainApiController#getMgtMainPage()
DEBUG 24-06-27 10:24:13[http-nio-8080-exec-1] [SecurityContextPersistenceFilter:120] - Cleared SecurityContextHolder to complete request
DEBUG 24-06-27 10:24:13[http-nio-8080-exec-10] [DataSourceTransactionManager:370] - Creating new transaction with name [egovframework.let.cop.bbs.service.impl.EgovBBSManageServiceImpl.selectBoardArticles]: PROPAGATION_REQUIRED,ISOLATION_DEFAULT,-java.lang.Exception
DEBUG 24-06-27 10:24:13[http-nio-8080-exec-10] [SimpleDriverDataSource:142] - Creating new JDBC Driver Connection to [jdbc:hsqldb:mem:testdb]
DEBUG 24-06-27 10:24:13[http-nio-8080-exec-10] [DataSourceTransactionManager:267] - Acquired Connection [org.hsqldb.jdbc.JDBCConnection@486da71a] for JDBC transaction
DEBUG 24-06-27 10:24:13[http-nio-8080-exec-10] [DataSourceTransactionManager:285] - Switching JDBC Connection [org.hsqldb.jdbc.JDBCConnection@486da71a] to manual commit
DEBUG 24-06-27 10:24:13[http-nio-8080-exec-10] [SqlSessionUtils:49] - Creating a new SqlSession
DEBUG 24-06-27 10:24:13[http-nio-8080-exec-10] [SqlSessionUtils:49] - Registering transaction synchronization for SqlSession [org.apache.ibatis.session.defaults.DefaultSqlSession@39823387]
DEBUG 24-06-27 10:24:13[http-nio-8080-exec-10] [SpringManagedTransaction:49] - JDBC Connection [org.hsqldb.jdbc.JDBCConnection@486da71a] will be managed by Spring
DEBUG 24-06-27 10:24:13[http-nio-8080-exec-10] [selectBoardArticleList:135] - ==>  Preparing: SELECT a.NTT_ID, a.NTT_SJ, a.FRST_REGISTER_ID, IFNULL(b.USER_NM, a.NTCR_NM) as FRST_REGISTER_NM, TO_CHAR(a.FRST_REGIST_PNTTM, 'YYYY-MM-DD') as FRST_REGIST_PNTTM, a.RDCNT, a.PARNTSCTT_NO, a.ANSWER_AT, a.ANSWER_LC, a.USE_AT, a.ATCH_FILE_ID, a.BBS_ID, a.NTCE_BGNDE, a.NTCE_ENDDE FROM LETTNBBS a LEFT OUTER JOIN LETTNEMPLYRINFO b ON a.FRST_REGISTER_ID = b.ESNTL_ID WHERE a.USE_AT = 'Y' AND a.BBS_ID = ? AND a.NTT_SJ LIKE '%' || ? || '%' ORDER BY a.SORT_ORDR DESC, NTT_NO ASC LIMIT ? OFFSET ?
DEBUG 24-06-27 10:24:13[http-nio-8080-exec-10] [selectBoardArticleList:135] - ==> Parameters: BBSMSTR_AAAAAAAAAAAA(String), (String), 5(Integer), 0(Integer)
DEBUG 24-06-27 10:24:13[http-nio-8080-exec-10] [selectBoardArticleList:135] - <==      Total: 1
DEBUG 24-06-27 10:24:13[http-nio-8080-exec-10] [SqlSessionUtils:49] - Releasing transactional SqlSession [org.apache.ibatis.session.defaults.DefaultSqlSession@39823387]
DEBUG 24-06-27 10:24:13[http-nio-8080-exec-10] [SqlSessionUtils:49] - Fetched SqlSession [org.apache.ibatis.session.defaults.DefaultSqlSession@39823387] from current transaction
DEBUG 24-06-27 10:24:13[http-nio-8080-exec-10] [selectBoardArticleListCnt:135] - ==>  Preparing: SELECT COUNT(a.NTT_ID) FROM LETTNBBS a LEFT OUTER JOIN LETTNEMPLYRINFO b ON a.FRST_REGISTER_ID = b.ESNTL_ID WHERE a.USE_AT = 'Y' AND a.BBS_ID = ? AND a.NTT_SJ LIKE '%' || ? || '%'
DEBUG 24-06-27 10:24:13[http-nio-8080-exec-10] [selectBoardArticleListCnt:135] - ==> Parameters: BBSMSTR_AAAAAAAAAAAA(String), (String)
DEBUG 24-06-27 10:24:13[http-nio-8080-exec-10] [selectBoardArticleListCnt:135] - <==      Total: 1
DEBUG 24-06-27 10:24:13[http-nio-8080-exec-10] [SqlSessionUtils:49] - Releasing transactional SqlSession [org.apache.ibatis.session.defaults.DefaultSqlSession@39823387]
DEBUG 24-06-27 10:24:13[http-nio-8080-exec-10] [SqlSessionUtils:49] - Transaction synchronization committing SqlSession [org.apache.ibatis.session.defaults.DefaultSqlSession@39823387]
DEBUG 24-06-27 10:24:13[http-nio-8080-exec-10] [SqlSessionUtils:49] - Transaction synchronization deregistering SqlSession [org.apache.ibatis.session.defaults.DefaultSqlSession@39823387]
DEBUG 24-06-27 10:24:13[http-nio-8080-exec-10] [SqlSessionUtils:49] - Transaction synchronization closing SqlSession [org.apache.ibatis.session.defaults.DefaultSqlSession@39823387]
DEBUG 24-06-27 10:24:13[http-nio-8080-exec-10] [DataSourceTransactionManager:740] - Initiating transaction commit
DEBUG 24-06-27 10:24:13[http-nio-8080-exec-10] [DataSourceTransactionManager:330] - Committing JDBC transaction on Connection [org.hsqldb.jdbc.JDBCConnection@486da71a]
DEBUG 24-06-27 10:24:13[http-nio-8080-exec-10] [DataSourceTransactionManager:389] - Releasing JDBC Connection [org.hsqldb.jdbc.JDBCConnection@486da71a] after transaction
DEBUG 24-06-27 10:24:13[http-nio-8080-exec-10] [DataSourceTransactionManager:370] - Creating new transaction with name [egovframework.let.cop.bbs.service.impl.EgovBBSManageServiceImpl.selectBoardArticles]: PROPAGATION_REQUIRED,ISOLATION_DEFAULT,-java.lang.Exception
DEBUG 24-06-27 10:24:13[http-nio-8080-exec-10] [SimpleDriverDataSource:142] - Creating new JDBC Driver Connection to [jdbc:hsqldb:mem:testdb]
DEBUG 24-06-27 10:24:13[http-nio-8080-exec-10] [DataSourceTransactionManager:267] - Acquired Connection [org.hsqldb.jdbc.JDBCConnection@760536d0] for JDBC transaction
DEBUG 24-06-27 10:24:13[http-nio-8080-exec-10] [DataSourceTransactionManager:285] - Switching JDBC Connection [org.hsqldb.jdbc.JDBCConnection@760536d0] to manual commit
DEBUG 24-06-27 10:24:13[http-nio-8080-exec-10] [SqlSessionUtils:49] - Creating a new SqlSession
DEBUG 24-06-27 10:24:13[http-nio-8080-exec-10] [SqlSessionUtils:49] - Registering transaction synchronization for SqlSession [org.apache.ibatis.session.defaults.DefaultSqlSession@5f0d9171]
DEBUG 24-06-27 10:24:13[http-nio-8080-exec-10] [SpringManagedTransaction:49] - JDBC Connection [org.hsqldb.jdbc.JDBCConnection@760536d0] will be managed by Spring
DEBUG 24-06-27 10:24:13[http-nio-8080-exec-10] [selectBoardArticleList:135] - ==>  Preparing: SELECT a.NTT_ID, a.NTT_SJ, a.FRST_REGISTER_ID, IFNULL(b.USER_NM, a.NTCR_NM) as FRST_REGISTER_NM, TO_CHAR(a.FRST_REGIST_PNTTM, 'YYYY-MM-DD') as FRST_REGIST_PNTTM, a.RDCNT, a.PARNTSCTT_NO, a.ANSWER_AT, a.ANSWER_LC, a.USE_AT, a.ATCH_FILE_ID, a.BBS_ID, a.NTCE_BGNDE, a.NTCE_ENDDE FROM LETTNBBS a LEFT OUTER JOIN LETTNEMPLYRINFO b ON a.FRST_REGISTER_ID = b.ESNTL_ID WHERE a.USE_AT = 'Y' AND a.BBS_ID = ? AND a.NTT_SJ LIKE '%' || ? || '%' ORDER BY a.SORT_ORDR DESC, NTT_NO ASC LIMIT ? OFFSET ?
DEBUG 24-06-27 10:24:13[http-nio-8080-exec-10] [selectBoardArticleList:135] - ==> Parameters: BBSMSTR_BBBBBBBBBBBB(String), (String), 5(Integer), 0(Integer)
DEBUG 24-06-27 10:24:13[http-nio-8080-exec-10] [selectBoardArticleList:135] - <==      Total: 0
DEBUG 24-06-27 10:24:13[http-nio-8080-exec-10] [SqlSessionUtils:49] - Releasing transactional SqlSession [org.apache.ibatis.session.defaults.DefaultSqlSession@5f0d9171]
DEBUG 24-06-27 10:24:13[http-nio-8080-exec-10] [SqlSessionUtils:49] - Fetched SqlSession [org.apache.ibatis.session.defaults.DefaultSqlSession@5f0d9171] from current transaction
DEBUG 24-06-27 10:24:13[http-nio-8080-exec-10] [selectBoardArticleListCnt:135] - ==>  Preparing: SELECT COUNT(a.NTT_ID) FROM LETTNBBS a LEFT OUTER JOIN LETTNEMPLYRINFO b ON a.FRST_REGISTER_ID = b.ESNTL_ID WHERE a.USE_AT = 'Y' AND a.BBS_ID = ? AND a.NTT_SJ LIKE '%' || ? || '%'
DEBUG 24-06-27 10:24:13[http-nio-8080-exec-10] [selectBoardArticleListCnt:135] - ==> Parameters: BBSMSTR_BBBBBBBBBBBB(String), (String)
DEBUG 24-06-27 10:24:13[http-nio-8080-exec-10] [selectBoardArticleListCnt:135] - <==      Total: 1
DEBUG 24-06-27 10:24:13[http-nio-8080-exec-10] [SqlSessionUtils:49] - Releasing transactional SqlSession [org.apache.ibatis.session.defaults.DefaultSqlSession@5f0d9171]
DEBUG 24-06-27 10:24:13[http-nio-8080-exec-10] [SqlSessionUtils:49] - Transaction synchronization committing SqlSession [org.apache.ibatis.session.defaults.DefaultSqlSession@5f0d9171]
DEBUG 24-06-27 10:24:13[http-nio-8080-exec-10] [SqlSessionUtils:49] - Transaction synchronization deregistering SqlSession [org.apache.ibatis.session.defaults.DefaultSqlSession@5f0d9171]
DEBUG 24-06-27 10:24:13[http-nio-8080-exec-10] [SqlSessionUtils:49] - Transaction synchronization closing SqlSession [org.apache.ibatis.session.defaults.DefaultSqlSession@5f0d9171]
DEBUG 24-06-27 10:24:13[http-nio-8080-exec-10] [DataSourceTransactionManager:740] - Initiating transaction commit
DEBUG 24-06-27 10:24:13[http-nio-8080-exec-10] [DataSourceTransactionManager:330] - Committing JDBC transaction on Connection [org.hsqldb.jdbc.JDBCConnection@760536d0]
DEBUG 24-06-27 10:24:13[http-nio-8080-exec-10] [DataSourceTransactionManager:389] - Releasing JDBC Connection [org.hsqldb.jdbc.JDBCConnection@760536d0] after transaction
DEBUG 24-06-27 10:24:13[http-nio-8080-exec-10] [RequestResponseBodyMethodProcessor:268] - Using 'application/json', given [*/*] and supported [application/json, application/*+json, application/json, application/*+json]
DEBUG 24-06-27 10:24:13[http-nio-8080-exec-10] [RequestResponseBodyMethodProcessor:120] - Writing [egovframework.com.cmm.service.ResultVO@7fd3187c]
DEBUG 24-06-27 10:24:13[http-nio-8080-exec-10] [DispatcherServlet:1131] - Completed 200 OK
DEBUG 24-06-27 10:24:13[http-nio-8080-exec-10] [SecurityContextPersistenceFilter:120] - Cleared SecurityContextHolder to complete request
DEBUG 24-06-27 10:24:13[http-nio-8080-exec-9] [FilterChainProxy:218] - Securing GET /mainPage
DEBUG 24-06-27 10:24:13[http-nio-8080-exec-9] [SecurityContextPersistenceFilter:104] - Set SecurityContextHolder to empty SecurityContext
DEBUG 24-06-27 10:24:13[http-nio-8080-exec-9] [EgovJwtTokenUtil:51] - ===>>> secret = egovframe
DEBUG 24-06-27 10:24:13[http-nio-8080-exec-9] [JwtAuthenticationFilter:64] - Unable to verify JWT Token: JWT expired at 2024-06-26T13:34:28Z. Current time: 2024-06-27T10:24:13Z, a difference of 74985050 milliseconds.  Allowed clock skew: 0 milliseconds.
DEBUG 24-06-27 10:24:13[http-nio-8080-exec-9] [AnonymousAuthenticationFilter:100] - Set SecurityContextHolder to anonymous SecurityContext
DEBUG 24-06-27 10:24:13[http-nio-8080-exec-9] [SessionManagementFilter:116] - Request requested invalid session id 849570A79247AF7822AB6D4AE6600EC7
DEBUG 24-06-27 10:24:13[http-nio-8080-exec-9] [FilterChainProxy:333] - Secured GET /mainPage
DEBUG 24-06-27 10:24:13[http-nio-8080-exec-9] [DispatcherServlet:120] - GET "/mainPage", parameters={}
DEBUG 24-06-27 10:24:13[http-nio-8080-exec-9] [RequestMappingHandlerMapping:522] - Mapped to egovframework.let.main.web.EgovMainApiController#getMgtMainPage()
DEBUG 24-06-27 10:24:13[http-nio-8080-exec-9] [DataSourceTransactionManager:370] - Creating new transaction with name [egovframework.let.cop.bbs.service.impl.EgovBBSManageServiceImpl.selectBoardArticles]: PROPAGATION_REQUIRED,ISOLATION_DEFAULT,-java.lang.Exception
DEBUG 24-06-27 10:24:13[http-nio-8080-exec-9] [SimpleDriverDataSource:142] - Creating new JDBC Driver Connection to [jdbc:hsqldb:mem:testdb]
DEBUG 24-06-27 10:24:13[http-nio-8080-exec-9] [DataSourceTransactionManager:267] - Acquired Connection [org.hsqldb.jdbc.JDBCConnection@38b88bb8] for JDBC transaction
DEBUG 24-06-27 10:24:13[http-nio-8080-exec-9] [DataSourceTransactionManager:285] - Switching JDBC Connection [org.hsqldb.jdbc.JDBCConnection@38b88bb8] to manual commit
DEBUG 24-06-27 10:24:13[http-nio-8080-exec-9] [SqlSessionUtils:49] - Creating a new SqlSession
DEBUG 24-06-27 10:24:13[http-nio-8080-exec-9] [SqlSessionUtils:49] - Registering transaction synchronization for SqlSession [org.apache.ibatis.session.defaults.DefaultSqlSession@2cc38b3a]
DEBUG 24-06-27 10:24:13[http-nio-8080-exec-9] [SpringManagedTransaction:49] - JDBC Connection [org.hsqldb.jdbc.JDBCConnection@38b88bb8] will be managed by Spring
DEBUG 24-06-27 10:24:13[http-nio-8080-exec-9] [selectBoardArticleList:135] - ==>  Preparing: SELECT a.NTT_ID, a.NTT_SJ, a.FRST_REGISTER_ID, IFNULL(b.USER_NM, a.NTCR_NM) as FRST_REGISTER_NM, TO_CHAR(a.FRST_REGIST_PNTTM, 'YYYY-MM-DD') as FRST_REGIST_PNTTM, a.RDCNT, a.PARNTSCTT_NO, a.ANSWER_AT, a.ANSWER_LC, a.USE_AT, a.ATCH_FILE_ID, a.BBS_ID, a.NTCE_BGNDE, a.NTCE_ENDDE FROM LETTNBBS a LEFT OUTER JOIN LETTNEMPLYRINFO b ON a.FRST_REGISTER_ID = b.ESNTL_ID WHERE a.USE_AT = 'Y' AND a.BBS_ID = ? AND a.NTT_SJ LIKE '%' || ? || '%' ORDER BY a.SORT_ORDR DESC, NTT_NO ASC LIMIT ? OFFSET ?
DEBUG 24-06-27 10:24:13[http-nio-8080-exec-9] [selectBoardArticleList:135] - ==> Parameters: BBSMSTR_AAAAAAAAAAAA(String), (String), 5(Integer), 0(Integer)
DEBUG 24-06-27 10:24:13[http-nio-8080-exec-9] [selectBoardArticleList:135] - <==      Total: 1
DEBUG 24-06-27 10:24:13[http-nio-8080-exec-9] [SqlSessionUtils:49] - Releasing transactional SqlSession [org.apache.ibatis.session.defaults.DefaultSqlSession@2cc38b3a]
DEBUG 24-06-27 10:24:13[http-nio-8080-exec-9] [SqlSessionUtils:49] - Fetched SqlSession [org.apache.ibatis.session.defaults.DefaultSqlSession@2cc38b3a] from current transaction
DEBUG 24-06-27 10:24:13[http-nio-8080-exec-9] [selectBoardArticleListCnt:135] - ==>  Preparing: SELECT COUNT(a.NTT_ID) FROM LETTNBBS a LEFT OUTER JOIN LETTNEMPLYRINFO b ON a.FRST_REGISTER_ID = b.ESNTL_ID WHERE a.USE_AT = 'Y' AND a.BBS_ID = ? AND a.NTT_SJ LIKE '%' || ? || '%'
DEBUG 24-06-27 10:24:13[http-nio-8080-exec-9] [selectBoardArticleListCnt:135] - ==> Parameters: BBSMSTR_AAAAAAAAAAAA(String), (String)
DEBUG 24-06-27 10:24:13[http-nio-8080-exec-9] [selectBoardArticleListCnt:135] - <==      Total: 1
DEBUG 24-06-27 10:24:13[http-nio-8080-exec-9] [SqlSessionUtils:49] - Releasing transactional SqlSession [org.apache.ibatis.session.defaults.DefaultSqlSession@2cc38b3a]
DEBUG 24-06-27 10:24:13[http-nio-8080-exec-9] [SqlSessionUtils:49] - Transaction synchronization committing SqlSession [org.apache.ibatis.session.defaults.DefaultSqlSession@2cc38b3a]
DEBUG 24-06-27 10:24:13[http-nio-8080-exec-9] [SqlSessionUtils:49] - Transaction synchronization deregistering SqlSession [org.apache.ibatis.session.defaults.DefaultSqlSession@2cc38b3a]
DEBUG 24-06-27 10:24:13[http-nio-8080-exec-9] [SqlSessionUtils:49] - Transaction synchronization closing SqlSession [org.apache.ibatis.session.defaults.DefaultSqlSession@2cc38b3a]
DEBUG 24-06-27 10:24:13[http-nio-8080-exec-9] [DataSourceTransactionManager:740] - Initiating transaction commit
DEBUG 24-06-27 10:24:13[http-nio-8080-exec-9] [DataSourceTransactionManager:330] - Committing JDBC transaction on Connection [org.hsqldb.jdbc.JDBCConnection@38b88bb8]
DEBUG 24-06-27 10:24:13[http-nio-8080-exec-9] [DataSourceTransactionManager:389] - Releasing JDBC Connection [org.hsqldb.jdbc.JDBCConnection@38b88bb8] after transaction
DEBUG 24-06-27 10:24:13[http-nio-8080-exec-9] [DataSourceTransactionManager:370] - Creating new transaction with name [egovframework.let.cop.bbs.service.impl.EgovBBSManageServiceImpl.selectBoardArticles]: PROPAGATION_REQUIRED,ISOLATION_DEFAULT,-java.lang.Exception
DEBUG 24-06-27 10:24:13[http-nio-8080-exec-9] [SimpleDriverDataSource:142] - Creating new JDBC Driver Connection to [jdbc:hsqldb:mem:testdb]
DEBUG 24-06-27 10:24:13[http-nio-8080-exec-9] [DataSourceTransactionManager:267] - Acquired Connection [org.hsqldb.jdbc.JDBCConnection@77cb496d] for JDBC transaction
DEBUG 24-06-27 10:24:13[http-nio-8080-exec-9] [DataSourceTransactionManager:285] - Switching JDBC Connection [org.hsqldb.jdbc.JDBCConnection@77cb496d] to manual commit
DEBUG 24-06-27 10:24:13[http-nio-8080-exec-9] [SqlSessionUtils:49] - Creating a new SqlSession
DEBUG 24-06-27 10:24:13[http-nio-8080-exec-9] [SqlSessionUtils:49] - Registering transaction synchronization for SqlSession [org.apache.ibatis.session.defaults.DefaultSqlSession@92fd7b8]
DEBUG 24-06-27 10:24:13[http-nio-8080-exec-9] [SpringManagedTransaction:49] - JDBC Connection [org.hsqldb.jdbc.JDBCConnection@77cb496d] will be managed by Spring
DEBUG 24-06-27 10:24:13[http-nio-8080-exec-9] [selectBoardArticleList:135] - ==>  Preparing: SELECT a.NTT_ID, a.NTT_SJ, a.FRST_REGISTER_ID, IFNULL(b.USER_NM, a.NTCR_NM) as FRST_REGISTER_NM, TO_CHAR(a.FRST_REGIST_PNTTM, 'YYYY-MM-DD') as FRST_REGIST_PNTTM, a.RDCNT, a.PARNTSCTT_NO, a.ANSWER_AT, a.ANSWER_LC, a.USE_AT, a.ATCH_FILE_ID, a.BBS_ID, a.NTCE_BGNDE, a.NTCE_ENDDE FROM LETTNBBS a LEFT OUTER JOIN LETTNEMPLYRINFO b ON a.FRST_REGISTER_ID = b.ESNTL_ID WHERE a.USE_AT = 'Y' AND a.BBS_ID = ? AND a.NTT_SJ LIKE '%' || ? || '%' ORDER BY a.SORT_ORDR DESC, NTT_NO ASC LIMIT ? OFFSET ?
DEBUG 24-06-27 10:24:13[http-nio-8080-exec-9] [selectBoardArticleList:135] - ==> Parameters: BBSMSTR_BBBBBBBBBBBB(String), (String), 5(Integer), 0(Integer)
DEBUG 24-06-27 10:24:13[http-nio-8080-exec-9] [selectBoardArticleList:135] - <==      Total: 0
DEBUG 24-06-27 10:24:13[http-nio-8080-exec-9] [SqlSessionUtils:49] - Releasing transactional SqlSession [org.apache.ibatis.session.defaults.DefaultSqlSession@92fd7b8]
DEBUG 24-06-27 10:24:13[http-nio-8080-exec-9] [SqlSessionUtils:49] - Fetched SqlSession [org.apache.ibatis.session.defaults.DefaultSqlSession@92fd7b8] from current transaction
DEBUG 24-06-27 10:24:13[http-nio-8080-exec-9] [selectBoardArticleListCnt:135] - ==>  Preparing: SELECT COUNT(a.NTT_ID) FROM LETTNBBS a LEFT OUTER JOIN LETTNEMPLYRINFO b ON a.FRST_REGISTER_ID = b.ESNTL_ID WHERE a.USE_AT = 'Y' AND a.BBS_ID = ? AND a.NTT_SJ LIKE '%' || ? || '%'
DEBUG 24-06-27 10:24:13[http-nio-8080-exec-9] [selectBoardArticleListCnt:135] - ==> Parameters: BBSMSTR_BBBBBBBBBBBB(String), (String)
DEBUG 24-06-27 10:24:13[http-nio-8080-exec-9] [selectBoardArticleListCnt:135] - <==      Total: 1
DEBUG 24-06-27 10:24:13[http-nio-8080-exec-9] [SqlSessionUtils:49] - Releasing transactional SqlSession [org.apache.ibatis.session.defaults.DefaultSqlSession@92fd7b8]
DEBUG 24-06-27 10:24:13[http-nio-8080-exec-9] [SqlSessionUtils:49] - Transaction synchronization committing SqlSession [org.apache.ibatis.session.defaults.DefaultSqlSession@92fd7b8]
DEBUG 24-06-27 10:24:13[http-nio-8080-exec-9] [SqlSessionUtils:49] - Transaction synchronization deregistering SqlSession [org.apache.ibatis.session.defaults.DefaultSqlSession@92fd7b8]
DEBUG 24-06-27 10:24:13[http-nio-8080-exec-9] [SqlSessionUtils:49] - Transaction synchronization closing SqlSession [org.apache.ibatis.session.defaults.DefaultSqlSession@92fd7b8]
DEBUG 24-06-27 10:24:13[http-nio-8080-exec-9] [DataSourceTransactionManager:740] - Initiating transaction commit
DEBUG 24-06-27 10:24:13[http-nio-8080-exec-9] [DataSourceTransactionManager:330] - Committing JDBC transaction on Connection [org.hsqldb.jdbc.JDBCConnection@77cb496d]
DEBUG 24-06-27 10:24:13[http-nio-8080-exec-9] [DataSourceTransactionManager:389] - Releasing JDBC Connection [org.hsqldb.jdbc.JDBCConnection@77cb496d] after transaction
DEBUG 24-06-27 10:24:13[http-nio-8080-exec-9] [RequestResponseBodyMethodProcessor:268] - Using 'application/json', given [*/*] and supported [application/json, application/*+json, application/json, application/*+json]
DEBUG 24-06-27 10:24:13[http-nio-8080-exec-9] [RequestResponseBodyMethodProcessor:120] - Writing [egovframework.com.cmm.service.ResultVO@3b83ef95]
DEBUG 24-06-27 10:24:13[http-nio-8080-exec-9] [DispatcherServlet:1131] - Completed 200 OK
DEBUG 24-06-27 10:24:13[http-nio-8080-exec-9] [SecurityContextPersistenceFilter:120] - Cleared SecurityContextHolder to complete request
